<?xml version="1.0" encoding="UTF-8"?>
<coverage generated="1659659422637" clover="3.2.0">
  <project timestamp="1659659422637" name="All files">
    <metrics statements="121" coveredstatements="120" conditionals="21" coveredconditionals="21" methods="36" coveredmethods="35" elements="178" coveredelements="176" complexity="0" loc="121" ncloc="121" packages="5" files="9" classes="9"/>
    <package name="pages">
      <metrics statements="17" coveredstatements="17" conditionals="1" coveredconditionals="1" methods="5" coveredmethods="5"/>
      <file name="index.tsx" path="C:\Users\prata\Documents\testtest\pages\index.tsx">
        <metrics statements="17" coveredstatements="17" conditionals="1" coveredconditionals="1" methods="5" coveredmethods="5"/>
        <line num="1" count="1" type="stmt"/>
        <line num="2" count="1" type="stmt"/>
        <line num="3" count="1" type="stmt"/>
        <line num="4" count="1" type="stmt"/>
        <line num="5" count="1" type="stmt"/>
        <line num="6" count="1" type="stmt"/>
        <line num="7" count="1" type="stmt"/>
        <line num="13" count="1" type="stmt"/>
        <line num="16" count="1" type="stmt"/>
        <line num="17" count="1" type="stmt"/>
        <line num="19" count="1" type="stmt"/>
        <line num="26" count="4" type="stmt"/>
        <line num="27" count="6" type="stmt"/>
        <line num="28" count="6" type="cond" truecount="1" falsecount="0"/>
        <line num="29" count="6" type="stmt"/>
        <line num="32" count="6" type="stmt"/>
        <line num="42" count="2" type="stmt"/>
      </file>
    </package>
    <package name="src.api">
      <metrics statements="10" coveredstatements="10" conditionals="2" coveredconditionals="2" methods="4" coveredmethods="4"/>
      <file name="api.tsx" path="C:\Users\prata\Documents\testtest\src\api\api.tsx">
        <metrics statements="10" coveredstatements="10" conditionals="2" coveredconditionals="2" methods="4" coveredmethods="4"/>
        <line num="1" count="2" type="stmt"/>
        <line num="3" count="3" type="stmt"/>
        <line num="4" count="3" type="stmt"/>
        <line num="5" count="3" type="cond" truecount="2" falsecount="0"/>
        <line num="6" count="3" type="stmt"/>
        <line num="9" count="3" type="stmt"/>
        <line num="10" count="3" type="stmt"/>
        <line num="11" count="3" type="stmt"/>
        <line num="12" count="2" type="stmt"/>
        <line num="14" count="1" type="stmt"/>
      </file>
    </package>
    <package name="src.components">
      <metrics statements="64" coveredstatements="63" conditionals="10" coveredconditionals="10" methods="12" coveredmethods="11"/>
      <file name="cardsContainer.tsx" path="C:\Users\prata\Documents\testtest\src\components\cardsContainer.tsx">
        <metrics statements="9" coveredstatements="9" conditionals="0" coveredconditionals="0" methods="2" coveredmethods="2"/>
        <line num="1" count="1" type="stmt"/>
        <line num="2" count="1" type="stmt"/>
        <line num="3" count="1" type="stmt"/>
        <line num="4" count="1" type="stmt"/>
        <line num="5" count="1" type="stmt"/>
        <line num="7" count="1" type="stmt"/>
        <line num="13" count="6" type="stmt"/>
        <line num="14" count="6" type="stmt"/>
        <line num="19" count="60" type="stmt"/>
      </file>
      <file name="customDialog.tsx" path="C:\Users\prata\Documents\testtest\src\components\customDialog.tsx">
        <metrics statements="21" coveredstatements="20" conditionals="8" coveredconditionals="8" methods="5" coveredmethods="4"/>
        <line num="1" count="1" type="stmt"/>
        <line num="2" count="1" type="stmt"/>
        <line num="3" count="1" type="stmt"/>
        <line num="4" count="1" type="stmt"/>
        <line num="5" count="1" type="stmt"/>
        <line num="6" count="1" type="stmt"/>
        <line num="7" count="1" type="stmt"/>
        <line num="8" count="1" type="stmt"/>
        <line num="9" count="1" type="stmt"/>
        <line num="10" count="1" type="stmt"/>
        <line num="18" count="9" type="stmt"/>
        <line num="19" count="9" type="stmt"/>
        <line num="21" count="9" type="stmt"/>
        <line num="22" count="9" type="stmt"/>
        <line num="24" count="9" type="stmt"/>
        <line num="25" count="0" type="stmt"/>
        <line num="28" count="9" type="stmt"/>
        <line num="29" count="2" type="stmt"/>
        <line num="32" count="9" type="stmt"/>
        <line num="40" count="1" type="stmt"/>
        <line num="60" count="1" type="stmt"/>
      </file>
      <file name="donationCard.tsx" path="C:\Users\prata\Documents\testtest\src\components\donationCard.tsx">
        <metrics statements="10" coveredstatements="10" conditionals="0" coveredconditionals="0" methods="1" coveredmethods="1"/>
        <line num="1" count="1" type="stmt"/>
        <line num="2" count="1" type="stmt"/>
        <line num="3" count="1" type="stmt"/>
        <line num="4" count="1" type="stmt"/>
        <line num="5" count="1" type="stmt"/>
        <line num="6" count="1" type="stmt"/>
        <line num="7" count="1" type="stmt"/>
        <line num="9" count="1" type="stmt"/>
        <line num="11" count="60" type="stmt"/>
        <line num="12" count="60" type="stmt"/>
      </file>
      <file name="header.tsx" path="C:\Users\prata\Documents\testtest\src\components\header.tsx">
        <metrics statements="18" coveredstatements="18" conditionals="0" coveredconditionals="0" methods="3" coveredmethods="3"/>
        <line num="1" count="1" type="stmt"/>
        <line num="2" count="1" type="stmt"/>
        <line num="3" count="1" type="stmt"/>
        <line num="4" count="1" type="stmt"/>
        <line num="5" count="1" type="stmt"/>
        <line num="6" count="1" type="stmt"/>
        <line num="7" count="1" type="stmt"/>
        <line num="8" count="1" type="stmt"/>
        <line num="14" count="6" type="stmt"/>
        <line num="15" count="9" type="stmt"/>
        <line num="16" count="9" type="stmt"/>
        <line num="18" count="9" type="stmt"/>
        <line num="19" count="3" type="stmt"/>
        <line num="22" count="9" type="stmt"/>
        <line num="23" count="2" type="stmt"/>
        <line num="24" count="2" type="stmt"/>
        <line num="25" count="2" type="stmt"/>
        <line num="28" count="9" type="stmt"/>
      </file>
      <file name="progressBar.tsx" path="C:\Users\prata\Documents\testtest\src\components\progressBar.tsx">
        <metrics statements="6" coveredstatements="6" conditionals="2" coveredconditionals="2" methods="1" coveredmethods="1"/>
        <line num="1" count="1" type="stmt"/>
        <line num="4" count="1" type="stmt"/>
        <line num="5" count="1" type="stmt"/>
        <line num="6" count="1" type="stmt"/>
        <line num="8" count="60" type="stmt"/>
        <line num="11" count="60" type="stmt"/>
      </file>
    </package>
    <package name="src.models">
      <metrics statements="24" coveredstatements="24" conditionals="8" coveredconditionals="8" methods="9" coveredmethods="9"/>
      <file name="donations.ts" path="C:\Users\prata\Documents\testtest\src\models\donations.ts">
        <metrics statements="24" coveredstatements="24" conditionals="8" coveredconditionals="8" methods="9" coveredmethods="9"/>
        <line num="33" count="6" type="stmt"/>
        <line num="34" count="6" type="stmt"/>
        <line num="38" count="60" type="stmt"/>
        <line num="39" count="60" type="cond" truecount="2" falsecount="0"/>
        <line num="43" count="120" type="stmt"/>
        <line num="50" count="21" type="cond" truecount="1" falsecount="0"/>
        <line num="51" count="2" type="stmt"/>
        <line num="53" count="19" type="cond" truecount="1" falsecount="0"/>
        <line num="54" count="3" type="stmt"/>
        <line num="56" count="16" type="stmt"/>
        <line num="60" count="21" type="cond" truecount="1" falsecount="0"/>
        <line num="61" count="2" type="stmt"/>
        <line num="63" count="19" type="cond" truecount="1" falsecount="0"/>
        <line num="64" count="6" type="stmt"/>
        <line num="66" count="13" type="stmt"/>
        <line num="69" count="6" type="stmt"/>
        <line num="70" count="6" type="stmt"/>
        <line num="71" count="6" type="stmt"/>
        <line num="72" count="60" type="stmt"/>
        <line num="87" count="60" type="stmt"/>
        <line num="90" count="6" type="stmt"/>
        <line num="92" count="6" type="cond" truecount="1" falsecount="0"/>
        <line num="93" count="6" type="cond" truecount="1" falsecount="0"/>
        <line num="95" count="6" type="stmt"/>
      </file>
    </package>
    <package name="styles">
      <metrics statements="6" coveredstatements="6" conditionals="0" coveredconditionals="0" methods="6" coveredmethods="6"/>
      <file name="style.ts" path="C:\Users\prata\Documents\testtest\styles\style.ts">
        <metrics statements="6" coveredstatements="6" conditionals="0" coveredconditionals="0" methods="6" coveredmethods="6"/>
        <line num="3" count="60" type="stmt"/>
        <line num="10" count="60" type="stmt"/>
        <line num="18" count="6" type="stmt"/>
        <line num="22" count="9" type="stmt"/>
        <line num="42" count="9" type="stmt"/>
        <line num="51" count="9" type="stmt"/>
      </file>
    </package>
  </project>
</coverage>
