{"C:\\Users\\prata\\Documents\\testtest\\pages\\index.tsx": {"path":"C:\\Users\\prata\\Documents\\testtest\\pages\\index.tsx","statementMap":{"0":{"start":{"line":13,"column":13},"end":{"line":13,"column":31}},"1":{"start":{"line":26,"column":24},"end":{"line":26,"column":28}},"2":{"start":{"line":1,"column":32},"end":{"line":1,"column":null}},"3":{"start":{"line":2,"column":17},"end":{"line":2,"column":null}},"4":{"start":{"line":3,"column":22},"end":{"line":3,"column":null}},"5":{"start":{"line":4,"column":19},"end":{"line":4,"column":null}},"6":{"start":{"line":5,"column":27},"end":{"line":5,"column":null}},"7":{"start":{"line":6,"column":48},"end":{"line":6,"column":null}},"8":{"start":{"line":7,"column":43},"end":{"line":7,"column":null}},"9":{"start":{"line":13,"column":61},"end":{"line":24,"column":1}},"10":{"start":{"line":16,"column":21},"end":{"line":16,"column":39}},"11":{"start":{"line":17,"column":15},"end":{"line":17,"column":53}},"12":{"start":{"line":19,"column":2},"end":{"line":23,"column":4}},"13":{"start":{"line":27,"column":34},"end":{"line":27,"column":46}},"14":{"start":{"line":28,"column":2},"end":{"line":30,"column":null}},"15":{"start":{"line":29,"column":4},"end":{"line":29,"column":29}},"16":{"start":{"line":32,"column":2},"end":{"line":44,"column":null}},"17":{"start":{"line":42,"column":34},"end":{"line":42,"column":51}}},"fnMap":{"0":{"name":"(anonymous_1)","decl":{"start":{"line":13,"column":31},"end":{"line":13,"column":61}},"loc":{"start":{"line":13,"column":13},"end":{"line":13,"column":31}}},"1":{"name":"(anonymous_2)","decl":{"start":{"line":46,"column":1},"end":{"line":46,"column":null}},"loc":{"start":{"line":26,"column":24},"end":{"line":26,"column":28}}},"2":{"name":"(anonymous_7)","decl":{"start":{"line":13,"column":61},"end":{"line":13,"column":null}},"loc":{"start":{"line":15,"column":5},"end":{"line":24,"column":1}}},"3":{"name":"Home","decl":{"start":{"line":26,"column":24},"end":{"line":26,"column":28}},"loc":{"start":{"line":26,"column":43},"end":{"line":46,"column":null}}},"4":{"name":"(anonymous_9)","decl":{"start":{"line":42,"column":24},"end":{"line":42,"column":25}},"loc":{"start":{"line":42,"column":34},"end":{"line":42,"column":51}}}},"branchMap":{"0":{"loc":{"start":{"line":28,"column":2},"end":{"line":30,"column":null}},"type":"if","locations":[{"start":{"line":28,"column":2},"end":{"line":30,"column":null}}]}},"s":{"0":1,"1":4,"2":1,"3":1,"4":1,"5":1,"6":1,"7":1,"8":1,"9":1,"10":1,"11":1,"12":1,"13":6,"14":6,"15":6,"16":6,"17":2},"f":{"0":1,"1":4,"2":1,"3":6,"4":2},"b":{"0":[6]}}
,"C:\\Users\\prata\\Documents\\testtest\\src\\api\\api.tsx": {"path":"C:\\Users\\prata\\Documents\\testtest\\src\\api\\api.tsx","statementMap":{"0":{"start":{"line":3,"column":13},"end":{"line":3,"column":22}},"1":{"start":{"line":9,"column":13},"end":{"line":9,"column":33}},"2":{"start":{"line":1,"column":18},"end":{"line":1,"column":null}},"3":{"start":{"line":3,"column":25},"end":{"line":7,"column":1}},"4":{"start":{"line":4,"column":15},"end":{"line":4,"column":39}},"5":{"start":{"line":5,"column":19},"end":{"line":5,"column":78}},"6":{"start":{"line":6,"column":2},"end":{"line":6,"column":33}},"7":{"start":{"line":9,"column":36},"end":{"line":16,"column":1}},"8":{"start":{"line":10,"column":2},"end":{"line":15,"column":null}},"9":{"start":{"line":11,"column":21},"end":{"line":11,"column":63}},"10":{"start":{"line":12,"column":4},"end":{"line":12,"column":30}},"11":{"start":{"line":14,"column":4},"end":{"line":14,"column":17}}},"fnMap":{"0":{"name":"(anonymous_1)","decl":{"start":{"line":3,"column":22},"end":{"line":3,"column":25}},"loc":{"start":{"line":3,"column":13},"end":{"line":3,"column":22}}},"1":{"name":"(anonymous_2)","decl":{"start":{"line":9,"column":33},"end":{"line":9,"column":36}},"loc":{"start":{"line":9,"column":13},"end":{"line":9,"column":33}}},"2":{"name":"(anonymous_4)","decl":{"start":{"line":3,"column":25},"end":{"line":3,"column":26}},"loc":{"start":{"line":3,"column":43},"end":{"line":7,"column":1}}},"3":{"name":"(anonymous_5)","decl":{"start":{"line":9,"column":36},"end":{"line":9,"column":43}},"loc":{"start":{"line":9,"column":74},"end":{"line":16,"column":1}}}},"branchMap":{"0":{"loc":{"start":{"line":5,"column":19},"end":{"line":5,"column":78}},"type":"cond-expr","locations":[{"start":{"line":5,"column":62},"end":{"line":5,"column":69}},{"start":{"line":5,"column":72},"end":{"line":5,"column":78}}]}},"s":{"0":3,"1":3,"2":2,"3":2,"4":3,"5":3,"6":3,"7":2,"8":3,"9":3,"10":2,"11":1},"f":{"0":3,"1":3,"2":3,"3":3},"b":{"0":[1,2]}}
,"C:\\Users\\prata\\Documents\\testtest\\src\\components\\cardsContainer.tsx": {"path":"C:\\Users\\prata\\Documents\\testtest\\src\\components\\cardsContainer.tsx","statementMap":{"0":{"start":{"line":13,"column":24},"end":{"line":13,"column":38}},"1":{"start":{"line":1,"column":23},"end":{"line":1,"column":null}},"2":{"start":{"line":2,"column":16},"end":{"line":2,"column":null}},"3":{"start":{"line":3,"column":17},"end":{"line":3,"column":null}},"4":{"start":{"line":4,"column":22},"end":{"line":4,"column":null}},"5":{"start":{"line":5,"column":26},"end":{"line":5,"column":null}},"6":{"start":{"line":7,"column":32},"end":{"line":7,"column":null}},"7":{"start":{"line":14,"column":2},"end":{"line":25,"column":null}},"8":{"start":{"line":19,"column":12},"end":{"line":19,"column":null}}},"fnMap":{"0":{"name":"(anonymous_0)","decl":{"start":{"line":13,"column":24},"end":{"line":13,"column":38}},"loc":{"start":{"line":13,"column":24},"end":{"line":13,"column":38}}},"1":{"name":"(anonymous_6)","decl":{"start":{"line":18,"column":26},"end":{"line":18,"column":27}},"loc":{"start":{"line":19,"column":12},"end":{"line":19,"column":null}}}},"branchMap":{},"s":{"0":6,"1":1,"2":1,"3":1,"4":1,"5":1,"6":1,"7":6,"8":60},"f":{"0":12,"1":60},"b":{}}
,"C:\\Users\\prata\\Documents\\testtest\\src\\components\\customDialog.tsx": {"path":"C:\\Users\\prata\\Documents\\testtest\\src\\components\\customDialog.tsx","statementMap":{"0":{"start":{"line":18,"column":24},"end":{"line":18,"column":36}},"1":{"start":{"line":1,"column":23},"end":{"line":1,"column":null}},"2":{"start":{"line":2,"column":17},"end":{"line":2,"column":null}},"3":{"start":{"line":3,"column":21},"end":{"line":3,"column":null}},"4":{"start":{"line":4,"column":27},"end":{"line":4,"column":null}},"5":{"start":{"line":5,"column":25},"end":{"line":5,"column":null}},"6":{"start":{"line":6,"column":24},"end":{"line":6,"column":null}},"7":{"start":{"line":7,"column":19},"end":{"line":7,"column":null}},"8":{"start":{"line":8,"column":22},"end":{"line":8,"column":null}},"9":{"start":{"line":9,"column":21},"end":{"line":9,"column":null}},"10":{"start":{"line":10,"column":23},"end":{"line":10,"column":null}},"11":{"start":{"line":19,"column":43},"end":{"line":19,"column":48}},"12":{"start":{"line":21,"column":29},"end":{"line":21,"column":55}},"13":{"start":{"line":22,"column":28},"end":{"line":22,"column":53}},"14":{"start":{"line":24,"column":22},"end":{"line":26,"column":3}},"15":{"start":{"line":25,"column":4},"end":{"line":25,"column":27}},"16":{"start":{"line":28,"column":30},"end":{"line":30,"column":3}},"17":{"start":{"line":29,"column":4},"end":{"line":29,"column":19}},"18":{"start":{"line":32,"column":2},"end":{"line":77,"column":null}},"19":{"start":{"line":40,"column":14},"end":{"line":40,"column":44}},"20":{"start":{"line":60,"column":14},"end":{"line":60,"column":43}}},"fnMap":{"0":{"name":"(anonymous_0)","decl":{"start":{"line":18,"column":24},"end":{"line":18,"column":36}},"loc":{"start":{"line":18,"column":24},"end":{"line":18,"column":36}}},"1":{"name":"(anonymous_6)","decl":{"start":{"line":24,"column":22},"end":{"line":24,"column":28}},"loc":{"start":{"line":24,"column":28},"end":{"line":26,"column":3}}},"2":{"name":"(anonymous_7)","decl":{"start":{"line":28,"column":30},"end":{"line":28,"column":31}},"loc":{"start":{"line":28,"column":49},"end":{"line":30,"column":3}}},"3":{"name":"(anonymous_8)","decl":{"start":{"line":39,"column":21},"end":{"line":39,"column":27}},"loc":{"start":{"line":39,"column":27},"end":{"line":41,"column":null}}},"4":{"name":"(anonymous_9)","decl":{"start":{"line":59,"column":21},"end":{"line":59,"column":27}},"loc":{"start":{"line":59,"column":27},"end":{"line":61,"column":null}}}},"branchMap":{"0":{"loc":{"start":{"line":43,"column":31},"end":{"line":45,"column":31}},"type":"cond-expr","locations":[{"start":{"line":44,"column":18},"end":{"line":44,"column":36}},{"start":{"line":45,"column":18},"end":{"line":45,"column":31}}]},"1":{"loc":{"start":{"line":51,"column":42},"end":{"line":51,"column":76}},"type":"cond-expr","locations":[{"start":{"line":51,"column":63},"end":{"line":51,"column":68}},{"start":{"line":51,"column":71},"end":{"line":51,"column":76}}]},"2":{"loc":{"start":{"line":63,"column":31},"end":{"line":65,"column":31}},"type":"cond-expr","locations":[{"start":{"line":64,"column":18},"end":{"line":64,"column":36}},{"start":{"line":65,"column":18},"end":{"line":65,"column":31}}]},"3":{"loc":{"start":{"line":71,"column":42},"end":{"line":71,"column":75}},"type":"cond-expr","locations":[{"start":{"line":71,"column":62},"end":{"line":71,"column":67}},{"start":{"line":71,"column":70},"end":{"line":71,"column":75}}]}},"s":{"0":9,"1":1,"2":1,"3":1,"4":1,"5":1,"6":1,"7":1,"8":1,"9":1,"10":1,"11":9,"12":9,"13":9,"14":9,"15":0,"16":9,"17":2,"18":9,"19":1,"20":1},"f":{"0":18,"1":0,"2":2,"3":1,"4":1},"b":{"0":[1,8],"1":[1,8],"2":[1,8],"3":[1,8]}}
,"C:\\Users\\prata\\Documents\\testtest\\src\\components\\donationCard.tsx": {"path":"C:\\Users\\prata\\Documents\\testtest\\src\\components\\donationCard.tsx","statementMap":{"0":{"start":{"line":11,"column":24},"end":{"line":11,"column":36}},"1":{"start":{"line":1,"column":23},"end":{"line":1,"column":null}},"2":{"start":{"line":2,"column":17},"end":{"line":2,"column":null}},"3":{"start":{"line":3,"column":24},"end":{"line":3,"column":null}},"4":{"start":{"line":4,"column":22},"end":{"line":4,"column":null}},"5":{"start":{"line":5,"column":23},"end":{"line":5,"column":null}},"6":{"start":{"line":6,"column":24},"end":{"line":6,"column":null}},"7":{"start":{"line":7,"column":16},"end":{"line":7,"column":null}},"8":{"start":{"line":9,"column":36},"end":{"line":9,"column":null}},"9":{"start":{"line":12,"column":2},"end":{"line":48,"column":null}}},"fnMap":{"0":{"name":"(anonymous_0)","decl":{"start":{"line":11,"column":24},"end":{"line":11,"column":36}},"loc":{"start":{"line":11,"column":24},"end":{"line":11,"column":36}}}},"branchMap":{},"s":{"0":60,"1":1,"2":1,"3":1,"4":1,"5":1,"6":1,"7":1,"8":1,"9":60},"f":{"0":120},"b":{}}
,"C:\\Users\\prata\\Documents\\testtest\\src\\components\\header.tsx": {"path":"C:\\Users\\prata\\Documents\\testtest\\src\\components\\header.tsx","statementMap":{"0":{"start":{"line":14,"column":24},"end":{"line":14,"column":30}},"1":{"start":{"line":1,"column":23},"end":{"line":1,"column":null}},"2":{"start":{"line":2,"column":16},"end":{"line":2,"column":null}},"3":{"start":{"line":3,"column":19},"end":{"line":3,"column":null}},"4":{"start":{"line":4,"column":22},"end":{"line":4,"column":null}},"5":{"start":{"line":5,"column":21},"end":{"line":5,"column":null}},"6":{"start":{"line":6,"column":18},"end":{"line":6,"column":null}},"7":{"start":{"line":7,"column":25},"end":{"line":7,"column":null}},"8":{"start":{"line":8,"column":50},"end":{"line":8,"column":null}},"9":{"start":{"line":15,"column":26},"end":{"line":15,"column":47}},"10":{"start":{"line":16,"column":34},"end":{"line":16,"column":52}},"11":{"start":{"line":18,"column":26},"end":{"line":20,"column":3}},"12":{"start":{"line":19,"column":4},"end":{"line":19,"column":18}},"13":{"start":{"line":22,"column":22},"end":{"line":26,"column":3}},"14":{"start":{"line":23,"column":4},"end":{"line":23,"column":19}},"15":{"start":{"line":24,"column":4},"end":{"line":24,"column":26}},"16":{"start":{"line":25,"column":4},"end":{"line":25,"column":23}},"17":{"start":{"line":28,"column":2},"end":{"line":55,"column":null}}},"fnMap":{"0":{"name":"(anonymous_0)","decl":{"start":{"line":14,"column":24},"end":{"line":14,"column":30}},"loc":{"start":{"line":14,"column":24},"end":{"line":14,"column":30}}},"1":{"name":"(anonymous_6)","decl":{"start":{"line":18,"column":26},"end":{"line":18,"column":32}},"loc":{"start":{"line":18,"column":32},"end":{"line":20,"column":3}}},"2":{"name":"(anonymous_7)","decl":{"start":{"line":22,"column":22},"end":{"line":22,"column":23}},"loc":{"start":{"line":22,"column":41},"end":{"line":26,"column":3}}}},"branchMap":{},"s":{"0":6,"1":1,"2":1,"3":1,"4":1,"5":1,"6":1,"7":1,"8":1,"9":9,"10":9,"11":9,"12":3,"13":9,"14":2,"15":2,"16":2,"17":9},"f":{"0":15,"1":3,"2":2},"b":{}}
,"C:\\Users\\prata\\Documents\\testtest\\src\\components\\progressBar.tsx": {"path":"C:\\Users\\prata\\Documents\\testtest\\src\\components\\progressBar.tsx","statementMap":{"0":{"start":{"line":8,"column":24},"end":{"line":8,"column":35}},"1":{"start":{"line":1,"column":23},"end":{"line":1,"column":null}},"2":{"start":{"line":4,"column":7},"end":{"line":4,"column":null}},"3":{"start":{"line":5,"column":23},"end":{"line":5,"column":null}},"4":{"start":{"line":6,"column":16},"end":{"line":6,"column":null}},"5":{"start":{"line":11,"column":2},"end":{"line":29,"column":null}}},"fnMap":{"0":{"name":"(anonymous_0)","decl":{"start":{"line":8,"column":24},"end":{"line":8,"column":35}},"loc":{"start":{"line":8,"column":24},"end":{"line":8,"column":35}}}},"branchMap":{"0":{"loc":{"start":{"line":17,"column":17},"end":{"line":17,"column":57}},"type":"cond-expr","locations":[{"start":{"line":17,"column":39},"end":{"line":17,"column":48}},{"start":{"line":17,"column":51},"end":{"line":17,"column":57}}]}},"s":{"0":60,"1":1,"2":1,"3":1,"4":1,"5":60},"f":{"0":120},"b":{"0":[6,54]}}
,"C:\\Users\\prata\\Documents\\testtest\\src\\models\\donations.ts": {"path":"C:\\Users\\prata\\Documents\\testtest\\src\\models\\donations.ts","statementMap":{"0":{"start":{"line":33,"column":16},"end":{"line":33,"column":28}},"1":{"start":{"line":69,"column":16},"end":{"line":69,"column":28}},"2":{"start":{"line":34,"column":2},"end":{"line":34,"column":19}},"3":{"start":{"line":38,"column":21},"end":{"line":38,"column":32}},"4":{"start":{"line":39,"column":2},"end":{"line":39,"column":57}},"5":{"start":{"line":43,"column":2},"end":{"line":46,"column":19}},"6":{"start":{"line":50,"column":2},"end":{"line":52,"column":null}},"7":{"start":{"line":51,"column":4},"end":{"line":51,"column":13}},"8":{"start":{"line":53,"column":2},"end":{"line":55,"column":null}},"9":{"start":{"line":54,"column":4},"end":{"line":54,"column":14}},"10":{"start":{"line":56,"column":2},"end":{"line":56,"column":11}},"11":{"start":{"line":60,"column":2},"end":{"line":62,"column":null}},"12":{"start":{"line":61,"column":4},"end":{"line":61,"column":13}},"13":{"start":{"line":63,"column":2},"end":{"line":65,"column":null}},"14":{"start":{"line":64,"column":4},"end":{"line":64,"column":14}},"15":{"start":{"line":66,"column":2},"end":{"line":66,"column":11}},"16":{"start":{"line":70,"column":35},"end":{"line":70,"column":37}},"17":{"start":{"line":71,"column":2},"end":{"line":88,"column":5}},"18":{"start":{"line":72,"column":31},"end":{"line":85,"column":5}},"19":{"start":{"line":87,"column":4},"end":{"line":87,"column":34}},"20":{"start":{"line":90,"column":24},"end":{"line":90,"column":43}},"21":{"start":{"line":92,"column":2},"end":{"line":92,"column":65}},"22":{"start":{"line":92,"column":25},"end":{"line":92,"column":65}},"23":{"start":{"line":93,"column":2},"end":{"line":93,"column":57}},"24":{"start":{"line":93,"column":24},"end":{"line":93,"column":57}},"25":{"start":{"line":95,"column":2},"end":{"line":95,"column":23}}},"fnMap":{"0":{"name":"(anonymous_1)","decl":{"start":{"line":33,"column":28},"end":{"line":33,"column":29}},"loc":{"start":{"line":33,"column":16},"end":{"line":33,"column":28}}},"1":{"name":"(anonymous_2)","decl":{"start":{"line":69,"column":28},"end":{"line":69,"column":29}},"loc":{"start":{"line":69,"column":16},"end":{"line":69,"column":28}}},"2":{"name":"setDonations","decl":{"start":{"line":33,"column":16},"end":{"line":33,"column":28}},"loc":{"start":{"line":33,"column":60},"end":{"line":35,"column":null}}},"3":{"name":"getPercentage","decl":{"start":{"line":37,"column":9},"end":{"line":37,"column":22}},"loc":{"start":{"line":37,"column":38},"end":{"line":40,"column":null}}},"4":{"name":"getRupiah","decl":{"start":{"line":42,"column":9},"end":{"line":42,"column":18}},"loc":{"start":{"line":42,"column":35},"end":{"line":47,"column":null}}},"5":{"name":"compareRemainingDay","decl":{"start":{"line":49,"column":9},"end":{"line":49,"column":28}},"loc":{"start":{"line":49,"column":55},"end":{"line":57,"column":null}}},"6":{"name":"compareGoals","decl":{"start":{"line":59,"column":9},"end":{"line":59,"column":21}},"loc":{"start":{"line":59,"column":48},"end":{"line":67,"column":null}}},"7":{"name":"getDonations","decl":{"start":{"line":69,"column":16},"end":{"line":69,"column":28}},"loc":{"start":{"line":69,"column":64},"end":{"line":96,"column":null}}},"8":{"name":"(anonymous_9)","decl":{"start":{"line":71,"column":16},"end":{"line":71,"column":17}},"loc":{"start":{"line":71,"column":25},"end":{"line":88,"column":4}}}},"branchMap":{"0":{"loc":{"start":{"line":39,"column":9},"end":{"line":39,"column":56}},"type":"cond-expr","locations":[{"start":{"line":39,"column":29},"end":{"line":39,"column":32}},{"start":{"line":39,"column":35},"end":{"line":39,"column":56}}]},"1":{"loc":{"start":{"line":50,"column":2},"end":{"line":52,"column":null}},"type":"if","locations":[{"start":{"line":50,"column":2},"end":{"line":52,"column":null}}]},"2":{"loc":{"start":{"line":53,"column":2},"end":{"line":55,"column":null}},"type":"if","locations":[{"start":{"line":53,"column":2},"end":{"line":55,"column":null}}]},"3":{"loc":{"start":{"line":60,"column":2},"end":{"line":62,"column":null}},"type":"if","locations":[{"start":{"line":60,"column":2},"end":{"line":62,"column":null}}]},"4":{"loc":{"start":{"line":63,"column":2},"end":{"line":65,"column":null}},"type":"if","locations":[{"start":{"line":63,"column":2},"end":{"line":65,"column":null}}]},"5":{"loc":{"start":{"line":92,"column":2},"end":{"line":92,"column":65}},"type":"if","locations":[{"start":{"line":92,"column":2},"end":{"line":92,"column":65}}]},"6":{"loc":{"start":{"line":93,"column":2},"end":{"line":93,"column":57}},"type":"if","locations":[{"start":{"line":93,"column":2},"end":{"line":93,"column":57}}]}},"s":{"0":6,"1":6,"2":6,"3":60,"4":60,"5":120,"6":21,"7":2,"8":19,"9":3,"10":16,"11":21,"12":2,"13":19,"14":6,"15":13,"16":6,"17":6,"18":60,"19":60,"20":6,"21":6,"22":1,"23":6,"24":1,"25":6},"f":{"0":6,"1":6,"2":6,"3":60,"4":120,"5":21,"6":21,"7":6,"8":60},"b":{"0":[6,54],"1":[2],"2":[3],"3":[2],"4":[6],"5":[1],"6":[1]}}
,"C:\\Users\\prata\\Documents\\testtest\\styles\\style.ts": {"path":"C:\\Users\\prata\\Documents\\testtest\\styles\\style.ts","statementMap":{"0":{"start":{"line":3,"column":13},"end":{"line":3,"column":24}},"1":{"start":{"line":10,"column":13},"end":{"line":10,"column":19}},"2":{"start":{"line":18,"column":13},"end":{"line":18,"column":28}},"3":{"start":{"line":22,"column":13},"end":{"line":22,"column":28}},"4":{"start":{"line":42,"column":13},"end":{"line":42,"column":22}},"5":{"start":{"line":51,"column":13},"end":{"line":51,"column":18}},"6":{"start":{"line":3,"column":36},"end":{"line":8,"column":1}},"7":{"start":{"line":10,"column":31},"end":{"line":16,"column":1}},"8":{"start":{"line":18,"column":40},"end":{"line":20,"column":1}},"9":{"start":{"line":22,"column":40},"end":{"line":40,"column":1}},"10":{"start":{"line":42,"column":34},"end":{"line":49,"column":1}},"11":{"start":{"line":51,"column":30},"end":{"line":51,"column":41}}},"fnMap":{"0":{"name":"(anonymous_1)","decl":{"start":{"line":3,"column":24},"end":{"line":3,"column":36}},"loc":{"start":{"line":3,"column":13},"end":{"line":3,"column":24}}},"1":{"name":"(anonymous_2)","decl":{"start":{"line":10,"column":19},"end":{"line":10,"column":31}},"loc":{"start":{"line":10,"column":13},"end":{"line":10,"column":19}}},"2":{"name":"(anonymous_3)","decl":{"start":{"line":18,"column":28},"end":{"line":18,"column":40}},"loc":{"start":{"line":18,"column":13},"end":{"line":18,"column":28}}},"3":{"name":"(anonymous_4)","decl":{"start":{"line":22,"column":28},"end":{"line":22,"column":40}},"loc":{"start":{"line":22,"column":13},"end":{"line":22,"column":28}}},"4":{"name":"(anonymous_5)","decl":{"start":{"line":42,"column":22},"end":{"line":42,"column":34}},"loc":{"start":{"line":42,"column":13},"end":{"line":42,"column":22}}},"5":{"name":"(anonymous_6)","decl":{"start":{"line":51,"column":18},"end":{"line":51,"column":30}},"loc":{"start":{"line":51,"column":13},"end":{"line":51,"column":18}}}},"branchMap":{},"s":{"0":60,"1":60,"2":6,"3":9,"4":9,"5":9,"6":1,"7":1,"8":1,"9":1,"10":1,"11":1},"f":{"0":60,"1":60,"2":6,"3":9,"4":9,"5":9},"b":{}}
}
