TN:
SF:pages\index.tsx
FN:13,(anonymous_1)
FN:46,(anonymous_2)
FN:13,(anonymous_7)
FN:26,Home
FN:42,(anonymous_9)
FNF:5
FNH:5
FNDA:1,(anonymous_1)
FNDA:4,(anonymous_2)
FNDA:1,(anonymous_7)
FNDA:6,Home
FNDA:2,(anonymous_9)
DA:1,1
DA:2,1
DA:3,1
DA:4,1
DA:5,1
DA:6,1
DA:7,1
DA:13,1
DA:16,1
DA:17,1
DA:19,1
DA:26,4
DA:27,6
DA:28,6
DA:29,6
DA:32,6
DA:42,2
LF:17
LH:17
BRDA:28,0,0,6
BRF:1
BRH:1
end_of_record
TN:
SF:src\api\api.tsx
FN:3,(anonymous_1)
FN:9,(anonymous_2)
FN:3,(anonymous_4)
FN:9,(anonymous_5)
FNF:4
FNH:4
FNDA:3,(anonymous_1)
FNDA:3,(anonymous_2)
FNDA:3,(anonymous_4)
FNDA:3,(anonymous_5)
DA:1,2
DA:3,3
DA:4,3
DA:5,3
DA:6,3
DA:9,3
DA:10,3
DA:11,3
DA:12,2
DA:14,1
LF:10
LH:10
BRDA:5,0,0,1
BRDA:5,0,1,2
BRF:2
BRH:2
end_of_record
TN:
SF:src\components\cardsContainer.tsx
FN:13,(anonymous_0)
FN:18,(anonymous_6)
FNF:2
FNH:2
FNDA:12,(anonymous_0)
FNDA:60,(anonymous_6)
DA:1,1
DA:2,1
DA:3,1
DA:4,1
DA:5,1
DA:7,1
DA:13,6
DA:14,6
DA:19,60
LF:9
LH:9
BRF:0
BRH:0
end_of_record
TN:
SF:src\components\customDialog.tsx
FN:18,(anonymous_0)
FN:24,(anonymous_6)
FN:28,(anonymous_7)
FN:39,(anonymous_8)
FN:59,(anonymous_9)
FNF:5
FNH:4
FNDA:18,(anonymous_0)
FNDA:0,(anonymous_6)
FNDA:2,(anonymous_7)
FNDA:1,(anonymous_8)
FNDA:1,(anonymous_9)
DA:1,1
DA:2,1
DA:3,1
DA:4,1
DA:5,1
DA:6,1
DA:7,1
DA:8,1
DA:9,1
DA:10,1
DA:18,9
DA:19,9
DA:21,9
DA:22,9
DA:24,9
DA:25,0
DA:28,9
DA:29,2
DA:32,9
DA:40,1
DA:60,1
LF:21
LH:20
BRDA:43,0,0,1
BRDA:43,0,1,8
BRDA:51,1,0,1
BRDA:51,1,1,8
BRDA:63,2,0,1
BRDA:63,2,1,8
BRDA:71,3,0,1
BRDA:71,3,1,8
BRF:8
BRH:8
end_of_record
TN:
SF:src\components\donationCard.tsx
FN:11,(anonymous_0)
FNF:1
FNH:1
FNDA:120,(anonymous_0)
DA:1,1
DA:2,1
DA:3,1
DA:4,1
DA:5,1
DA:6,1
DA:7,1
DA:9,1
DA:11,60
DA:12,60
LF:10
LH:10
BRF:0
BRH:0
end_of_record
TN:
SF:src\components\header.tsx
FN:14,(anonymous_0)
FN:18,(anonymous_6)
FN:22,(anonymous_7)
FNF:3
FNH:3
FNDA:15,(anonymous_0)
FNDA:3,(anonymous_6)
FNDA:2,(anonymous_7)
DA:1,1
DA:2,1
DA:3,1
DA:4,1
DA:5,1
DA:6,1
DA:7,1
DA:8,1
DA:14,6
DA:15,9
DA:16,9
DA:18,9
DA:19,3
DA:22,9
DA:23,2
DA:24,2
DA:25,2
DA:28,9
LF:18
LH:18
BRF:0
BRH:0
end_of_record
TN:
SF:src\components\progressBar.tsx
FN:8,(anonymous_0)
FNF:1
FNH:1
FNDA:120,(anonymous_0)
DA:1,1
DA:4,1
DA:5,1
DA:6,1
DA:8,60
DA:11,60
LF:6
LH:6
BRDA:17,0,0,6
BRDA:17,0,1,54
BRF:2
BRH:2
end_of_record
TN:
SF:src\models\donations.ts
FN:33,(anonymous_1)
FN:69,(anonymous_2)
FN:33,setDonations
FN:37,getPercentage
FN:42,getRupiah
FN:49,compareRemainingDay
FN:59,compareGoals
FN:69,getDonations
FN:71,(anonymous_9)
FNF:9
FNH:9
FNDA:6,(anonymous_1)
FNDA:6,(anonymous_2)
FNDA:6,setDonations
FNDA:60,getPercentage
FNDA:120,getRupiah
FNDA:21,compareRemainingDay
FNDA:21,compareGoals
FNDA:6,getDonations
FNDA:60,(anonymous_9)
DA:33,6
DA:34,6
DA:38,60
DA:39,60
DA:43,120
DA:50,21
DA:51,2
DA:53,19
DA:54,3
DA:56,16
DA:60,21
DA:61,2
DA:63,19
DA:64,6
DA:66,13
DA:69,6
DA:70,6
DA:71,6
DA:72,60
DA:87,60
DA:90,6
DA:92,6
DA:93,6
DA:95,6
LF:24
LH:24
BRDA:39,0,0,6
BRDA:39,0,1,54
BRDA:50,1,0,2
BRDA:53,2,0,3
BRDA:60,3,0,2
BRDA:63,4,0,6
BRDA:92,5,0,1
BRDA:93,6,0,1
BRF:8
BRH:8
end_of_record
TN:
SF:styles\style.ts
FN:3,(anonymous_1)
FN:10,(anonymous_2)
FN:18,(anonymous_3)
FN:22,(anonymous_4)
FN:42,(anonymous_5)
FN:51,(anonymous_6)
FNF:6
FNH:6
FNDA:60,(anonymous_1)
FNDA:60,(anonymous_2)
FNDA:6,(anonymous_3)
FNDA:9,(anonymous_4)
FNDA:9,(anonymous_5)
FNDA:9,(anonymous_6)
DA:3,60
DA:10,60
DA:18,6
DA:22,9
DA:42,9
DA:51,9
LF:6
LH:6
BRF:0
BRH:0
end_of_record
